<?xml version="1.0" encoding="UTF-8"?>
<!-- Generated by org.testng.reporters.JUnitXMLReporter -->
<testsuite ignored="0" hostname="Rashmi" failures="1" tests="1" name="Register User" time="0.066" errors="0" timestamp="2023-04-24T19:18:03 IST">
  <testcase classname="TestCases.ValidateUserRegistration" name="validate" time="0.018">
    <failure type="java.lang.AssertionError" message="The following asserts failed:
	expected [XYZ] but found [ABC],
	Error message did not expect to find [true] but found [false],
	404: Error came up">
      <![CDATA[java.lang.AssertionError: The following asserts failed:
expected [XYZ] but found [ABC],
Error message did not expect to find [true] but found [false],
404: Error came up
at TestCases.ValidateUserRegistration.validate(ValidateUserRegistration.java:18)
at java.base/java.util.ArrayList.forEach(ArrayList.java:1511)
... Removed 27 stack frames]]>
    </failure>
  </testcase> <!-- validate -->
</testsuite> <!-- Register User -->
