<?xml version="1.0" encoding="UTF-8"?>
<!-- Generated by org.testng.reporters.JUnitXMLReporter -->
<testsuite ignored="0" hostname="Rashmi" failures="1" tests="11" name="Test" time="0.166" errors="0" timestamp="2023-04-24T18:24:55 IST">
  <testcase classname="TestCases.ValidateUserRegistration" name="validate" time="0.017">
    <failure type="java.lang.AssertionError" message="The following asserts failed:
	expected [XYZ] but found [ABC],
	Error message did not expect to find [true] but found [false],
	404: Error came up">
      <![CDATA[java.lang.AssertionError: The following asserts failed:
expected [XYZ] but found [ABC],
Error message did not expect to find [true] but found [false],
404: Error came up
at TestCases.ValidateUserRegistration.validate(ValidateUserRegistration.java:18)
at java.base/java.util.ArrayList.forEach(ArrayList.java:1511)
... Removed 27 stack frames]]>
    </failure>
  </testcase> <!-- validate -->
  <testcase classname="TestCases.SearchAndBuyPhone" name="search" time="0.001">
    <skipped/>
  </testcase> <!-- search -->
  <testcase classname="TestCases.SearchAndBuyPhone" name="selectPhone" time="0.0">
    <skipped/>
  </testcase> <!-- selectPhone -->
  <testcase classname="TestCases.SearchAndBuyPhone" name="checkout" time="0.0">
    <skipped/>
  </testcase> <!-- checkout -->
  <testcase classname="TestCases.LoginTest" name="doLogin" time="0.006"/>
  <testcase classname="TestCases.LoginTest" name="logout" time="0.001"/>
  <testcase classname="TestCases.CreateUser" name="createUser" time="0.016"/>
  <testcase classname="TestCases.CreateUser" name="createUser" time="0.002"/>
  <testcase classname="TestCases.CreateUser" name="createUser" time="0.002"/>
  <testcase classname="TestCases.CreateUser" name="deleteUser" time="0.002"/>
  <testcase classname="TestCases.CreateUser" name="deleteUser" time="0.001"/>
</testsuite> <!-- Test -->
