<?xml version="1.0" encoding="UTF-8"?>
<!-- Generated by org.testng.reporters.JUnitXMLReporter -->
<testsuite ignored="0" hostname="Rashmi" failures="1" tests="1" name="Login Test" time="0.009" errors="0" timestamp="2023-05-23T20:15:24 IST">
  <testcase classname="TestCases.suiteB.ValidateUserRegistration" name="validate" time="0.006">
    <failure type="java.lang.AssertionError" message="The following asserts failed:
	expected [XYZ] but found [ABC],
	Error message expected [true] but found [false],
	404: Error came up">
      <![CDATA[java.lang.AssertionError: The following asserts failed:
expected [XYZ] but found [ABC],
Error message expected [true] but found [false],
404: Error came up
at TestCases.suiteB.ValidateUserRegistration.validate(ValidateUserRegistration.java:18)
at java.base/java.util.ArrayList.forEach(ArrayList.java:1511)
... Removed 28 stack frames]]>
    </failure>
  </testcase> <!-- validate -->
</testsuite> <!-- Login Test -->
