<?xml version="1.0" encoding="UTF-8"?>
<testsuite xmlns:xsi="http://www.w3.org/2001/XMLSchema-instance" xsi:noNamespaceSchemaLocation="https://maven.apache.org/surefire/maven-surefire-plugin/xsd/surefire-test-report-3.0.xsd" version="3.0" name="TestSuite" time="0.868" tests="11" errors="0" skipped="3" failures="1">
  <properties>
    <property name="java.specification.version" value="19"/>
    <property name="sun.cpu.isalist" value="amd64"/>
    <property name="sun.jnu.encoding" value="Cp1252"/>
    <property name="java.class.path" value="C:\Users\Lenovo\eclipse-workspace\TestNGExamplesMaven\target\test-classes;C:\Users\Lenovo\eclipse-workspace\TestNGExamplesMaven\target\classes;C:\Users\Lenovo\.m2\repository\org\testng\testng\7.0.0\testng-7.0.0.jar;C:\Users\Lenovo\.m2\repository\com\beust\jcommander\1.72\jcommander-1.72.jar;"/>
    <property name="java.vm.vendor" value="Oracle Corporation"/>
    <property name="sun.arch.data.model" value="64"/>
    <property name="user.variant" value=""/>
    <property name="java.vendor.url" value="https://java.oracle.com/"/>
    <property name="user.timezone" value="Asia/Calcutta"/>
    <property name="os.name" value="Windows 11"/>
    <property name="java.vm.specification.version" value="19"/>
    <property name="sun.java.launcher" value="SUN_STANDARD"/>
    <property name="user.country" value="IN"/>
    <property name="sun.boot.library.path" value="C:\Program Files\Java\jdk-19\bin"/>
    <property name="sun.java.command" value="C:\Users\Lenovo\AppData\Local\Temp\surefire17915834681478437955\surefirebooter5020668107453818637.jar C:\Users\Lenovo\AppData\Local\Temp\surefire17915834681478437955 2024-01-18T18-49-07_542-jvmRun1 surefire10367910376594880385tmp surefire_03926947057538143333tmp"/>
    <property name="jdk.debug" value="release"/>
    <property name="surefire.test.class.path" value="C:\Users\Lenovo\eclipse-workspace\TestNGExamplesMaven\target\test-classes;C:\Users\Lenovo\eclipse-workspace\TestNGExamplesMaven\target\classes;C:\Users\Lenovo\.m2\repository\org\testng\testng\7.0.0\testng-7.0.0.jar;C:\Users\Lenovo\.m2\repository\com\beust\jcommander\1.72\jcommander-1.72.jar;"/>
    <property name="sun.cpu.endian" value="little"/>
    <property name="user.home" value="C:\Users\Lenovo"/>
    <property name="user.language" value="en"/>
    <property name="java.specification.vendor" value="Oracle Corporation"/>
    <property name="java.version.date" value="2022-10-18"/>
    <property name="java.home" value="C:\Program Files\Java\jdk-19"/>
    <property name="file.separator" value="\"/>
    <property name="basedir" value="C:\Users\Lenovo\eclipse-workspace\TestNGExamplesMaven"/>
    <property name="java.vm.compressedOopsMode" value="32-bit"/>
    <property name="line.separator" value="&#10;"/>
    <property name="java.vm.specification.vendor" value="Oracle Corporation"/>
    <property name="java.specification.name" value="Java Platform API Specification"/>
    <property name="surefire.real.class.path" value="C:\Users\Lenovo\AppData\Local\Temp\surefire17915834681478437955\surefirebooter5020668107453818637.jar"/>
    <property name="user.script" value=""/>
    <property name="sun.management.compiler" value="HotSpot 64-Bit Tiered Compilers"/>
    <property name="java.runtime.version" value="19.0.1+10-21"/>
    <property name="user.name" value="Lenovo"/>
    <property name="stdout.encoding" value="Cp1252"/>
    <property name="path.separator" value=";"/>
    <property name="os.version" value="10.0"/>
    <property name="java.runtime.name" value="Java(TM) SE Runtime Environment"/>
    <property name="file.encoding" value="UTF-8"/>
    <property name="java.vm.name" value="Java HotSpot(TM) 64-Bit Server VM"/>
    <property name="localRepository" value="C:\Users\Lenovo\.m2\repository"/>
    <property name="java.vendor.url.bug" value="https://bugreport.java.com/bugreport/"/>
    <property name="java.io.tmpdir" value="C:\Users\Lenovo\AppData\Local\Temp\"/>
    <property name="java.version" value="19.0.1"/>
    <property name="user.dir" value="C:\Users\Lenovo\eclipse-workspace\TestNGExamplesMaven"/>
    <property name="os.arch" value="amd64"/>
    <property name="java.vm.specification.name" value="Java Virtual Machine Specification"/>
    <property name="sun.os.patch.level" value=""/>
    <property name="native.encoding" value="Cp1252"/>
    <property name="java.library.path" value="C:\Program Files\Java\jdk-19\bin;C:\WINDOWS\Sun\Java\bin;C:\WINDOWS\system32;C:\WINDOWS;C:\WINDOWS\system32;C:\WINDOWS;C:\WINDOWS\System32\Wbem;C:\WINDOWS\System32\WindowsPowerShell\v1.0\;C:\WINDOWS\System32\OpenSSH\;C:\Program Files\Java\jdk-19\bin;C:\Program Files\Git\cmd;C:\Program Files\Java\jdk-11.0.17\jdk-11.0.17\bin;F:\Selenium\apache-maven-3.9.1-bin\apache-maven-3.9.1\bin;F:\Selenium\apache-ant-1.9.16-bin\apache-ant-1.9.16\bin;F:\Drivers;;C:\Program Files\Docker\Docker\resources\bin;C:\Users\Lenovo\AppData\Local\Microsoft\WindowsApps;;C:\Program Files\JetBrains\IntelliJ IDEA Community Edition 2023.1.2\bin;;C:\Users\Lenovo\AppData\Local\Programs\Microsoft VS Code\bin;."/>
    <property name="java.vm.info" value="mixed mode, sharing"/>
    <property name="stderr.encoding" value="Cp1252"/>
    <property name="java.vendor" value="Oracle Corporation"/>
    <property name="java.vm.version" value="19.0.1+10-21"/>
    <property name="sun.io.unicode.encoding" value="UnicodeLittle"/>
    <property name="java.class.version" value="63.0"/>
  </properties>
  <testcase name="search" classname="TestCases.suiteB.SearchAndBuyPhone" time="0">
    <skipped message="Skipped test"/>
    <system-out><![CDATA[[TestNG] [WARN] Ignoring duplicate listener : listener.MyTestNGListener
[TestNG] [WARN] Ignoring duplicate listener : listener.MyTestNGListener
Method / Test createUser
]]></system-out>
  </testcase>
  <testcase name="selectPhone" classname="TestCases.suiteB.SearchAndBuyPhone" time="0">
    <skipped message="Method SearchAndBuyPhone.selectPhone(org.testng.ITestContext)[pri:2, instance:TestCases.suiteB.SearchAndBuyPhone@75c072cb] depends on not successfully finished methods"/>
  </testcase>
  <testcase name="checkout" classname="TestCases.suiteB.SearchAndBuyPhone" time="0">
    <skipped message="Method SearchAndBuyPhone.checkout(org.testng.ITestContext)[pri:3, instance:TestCases.suiteB.SearchAndBuyPhone@75c072cb] depends on not successfully finished methods"/>
  </testcase>
  <testcase name="createUser" classname="TestCases.suiteA.CreateUser" time="0.008"/>
  <testcase name="createUser" classname="TestCases.suiteA.CreateUser" time="0.003"/>
  <testcase name="createUser" classname="TestCases.suiteA.CreateUser" time="0.004"/>
  <testcase name="deleteUser" classname="TestCases.suiteA.CreateUser" time="0.002"/>
  <testcase name="deleteUser" classname="TestCases.suiteA.CreateUser" time="0.003"/>
  <testcase name="doLogin" classname="TestCases.suiteA.LoginTest" time="0"/>
  <testcase name="logout" classname="TestCases.suiteA.LoginTest" time="0"/>
  <testcase name="validate" classname="TestCases.suiteB.ValidateUserRegistration" time="0.017">
    <failure message="The following asserts failed:&#10;	expected [XYZ] but found [ABC],&#10;	Error message did not expect to find [true] but found [false],&#10;	404: Error came up" type="java.lang.AssertionError"><![CDATA[java.lang.AssertionError: 
The following asserts failed:
	expected [XYZ] but found [ABC],
	Error message did not expect to find [true] but found [false],
	404: Error came up
	at TestCases.suiteB.ValidateUserRegistration.validate(ValidateUserRegistration.java:18)
]]></failure>
    <system-out><![CDATA[*********@AfterMethod*********
-------@AfterTest--------
Test Failed
validate
false
org.testng.TestRunner@58eba0ac
2
The following asserts failed:
	expected [XYZ] but found [ABC],
	Error message did not expect to find [true] but found [false],
	404: Error came up
]]></system-out>
  </testcase>
</testsuite>