<?xml version="1.0" encoding="UTF-8"?>
<!-- Generated by org.testng.reporters.JUnitXMLReporter -->
<testsuite ignored="0" hostname="Rashmi" failures="1" tests="1" name="Login Test" time="0.017" errors="0" timestamp="2024-01-18T18:49:10 IST">
  <testcase classname="TestCases.suiteB.ValidateUserRegistration" name="validate" time="0.007">
    <failure type="java.lang.AssertionError" message="The following asserts failed:
	expected [XYZ] but found [ABC],
	Error message did not expect to find [true] but found [false],
	404: Error came up">
      <![CDATA[java.lang.AssertionError: The following asserts failed:
expected [XYZ] but found [ABC],
Error message did not expect to find [true] but found [false],
404: Error came up
at TestCases.suiteB.ValidateUserRegistration.validate(ValidateUserRegistration.java:18)
at java.base/java.util.ArrayList.forEach(ArrayList.java:1511)
at java.base/java.util.concurrent.ThreadPoolExecutor.runWorker(ThreadPoolExecutor.java:1144)
at java.base/java.util.concurrent.ThreadPoolExecutor$Worker.run(ThreadPoolExecutor.java:642)
at java.base/java.lang.Thread.run(Thread.java:1589)
... Removed 20 stack frames]]>
    </failure>
  </testcase> <!-- validate -->
</testsuite> <!-- Login Test -->
