<?xml version="1.0" encoding="UTF-8"?>
<!-- Generated by org.testng.reporters.JUnitReportReporter -->
<testsuite hostname="Rashmi" failures="0" tests="1" name="optionsAndProfiling.FirefoxProfilingAndOptions" time="1.605" errors="1" timestamp="2023-06-02T11:24:16 IST" skipped="0">
  <testcase classname="optionsAndProfiling.FirefoxProfilingAndOptions" name="firefox" time="1.605">
    <error message="java.io.FileNotFoundException: .logs\firefox.log (The system cannot find the path specified)" type="java.lang.RuntimeException">
      <![CDATA[java.lang.RuntimeException: java.io.FileNotFoundException: .logs\firefox.log (The system cannot find the path specified)
at org.openqa.selenium.remote.service.DriverService$Builder.getLogOutput(DriverService.java:477)
at org.openqa.selenium.firefox.GeckoDriverService$Builder.createDriverService(GeckoDriverService.java:322)
at org.openqa.selenium.firefox.GeckoDriverService$Builder.createDriverService(GeckoDriverService.java:176)
at org.openqa.selenium.remote.service.DriverService$Builder.build(DriverService.java:499)
at org.openqa.selenium.firefox.GeckoDriverService.createDefaultService(GeckoDriverService.java:140)
at org.openqa.selenium.firefox.FirefoxDriver.<init>(FirefoxDriver.java:112)
at optionsAndProfiling.FirefoxProfilingAndOptions.firefox(FirefoxProfilingAndOptions.java:24)
at java.base/jdk.internal.reflect.DirectMethodHandleAccessor.invoke(DirectMethodHandleAccessor.java:104)
at java.base/java.lang.reflect.Method.invoke(Method.java:578)
at org.testng.internal.MethodInvocationHelper.invokeMethod(MethodInvocationHelper.java:133)
at org.testng.internal.TestInvoker.invokeMethod(TestInvoker.java:598)
at org.testng.internal.TestInvoker.invokeTestMethod(TestInvoker.java:173)
at org.testng.internal.MethodRunner.runInSequence(MethodRunner.java:46)
at org.testng.internal.TestInvoker$MethodInvocationAgent.invoke(TestInvoker.java:824)
at org.testng.internal.TestInvoker.invokeTestMethods(TestInvoker.java:146)
at org.testng.internal.TestMethodWorker.invokeTestMethods(TestMethodWorker.java:146)
at org.testng.internal.TestMethodWorker.run(TestMethodWorker.java:128)
at java.base/java.util.ArrayList.forEach(ArrayList.java:1511)
at org.testng.TestRunner.privateRun(TestRunner.java:794)
at org.testng.TestRunner.run(TestRunner.java:596)
at org.testng.SuiteRunner.runTest(SuiteRunner.java:377)
at org.testng.SuiteRunner.runSequentially(SuiteRunner.java:371)
at org.testng.SuiteRunner.privateRun(SuiteRunner.java:332)
at org.testng.SuiteRunner.run(SuiteRunner.java:276)
at org.testng.SuiteRunnerWorker.runSuite(SuiteRunnerWorker.java:53)
at org.testng.SuiteRunnerWorker.run(SuiteRunnerWorker.java:96)
at org.testng.TestNG.runSuitesSequentially(TestNG.java:1212)
at org.testng.TestNG.runSuitesLocally(TestNG.java:1134)
at org.testng.TestNG.runSuites(TestNG.java:1063)
at org.testng.TestNG.run(TestNG.java:1031)
at org.testng.remote.AbstractRemoteTestNG.run(AbstractRemoteTestNG.java:115)
at org.testng.remote.RemoteTestNG.initAndRun(RemoteTestNG.java:251)
at org.testng.remote.RemoteTestNG.main(RemoteTestNG.java:77)
Caused by: java.io.FileNotFoundException: .logs\firefox.log (The system cannot find the path specified)
at java.base/java.io.FileOutputStream.open0(Native Method)
at java.base/java.io.FileOutputStream.open(FileOutputStream.java:295)
at java.base/java.io.FileOutputStream.<init>(FileOutputStream.java:236)
at java.base/java.io.FileOutputStream.<init>(FileOutputStream.java:124)
at org.openqa.selenium.remote.service.DriverService$Builder.getLogOutput(DriverService.java:474)
... 32 more
]]>
    </error>
  </testcase> <!-- firefox -->
  <system-out/>
</testsuite> <!-- optionsAndProfiling.FirefoxProfilingAndOptions -->
